{"/Users/carlos.lima/work/fiap/soat-fase4-sales-microservice/src/server.ts": {"path":"/Users/carlos.lima/work/fiap/soat-fase4-sales-microservice/src/server.ts","statementMap":{"0":{"start":{"line":1,"column":0},"end":{"line":1,"column":29}},"1":{"start":{"line":2,"column":0},"end":{"line":2,"column":30}},"2":{"start":{"line":3,"column":0},"end":{"line":3,"column":50}},"3":{"start":{"line":5,"column":13},"end":{"line":5,"column":null}},"4":{"start":{"line":7,"column":0},"end":{"line":7,"column":null}},"5":{"start":{"line":8,"column":0},"end":{"line":8,"column":null}}},"fnMap":{},"branchMap":{},"s":{"0":1,"1":1,"2":1,"3":1,"4":1,"5":1},"f":{},"b":{}}
,"/Users/carlos.lima/work/fiap/soat-fase4-sales-microservice/src/sales/sales.router.ts": {"path":"/Users/carlos.lima/work/fiap/soat-fase4-sales-microservice/src/sales/sales.router.ts","statementMap":{"0":{"start":{"line":1,"column":0},"end":{"line":1,"column":32}},"1":{"start":{"line":2,"column":0},"end":{"line":2,"column":23}},"2":{"start":{"line":3,"column":0},"end":{"line":3,"column":25}},"3":{"start":{"line":4,"column":0},"end":{"line":4,"column":45}},"4":{"start":{"line":5,"column":0},"end":{"line":5,"column":35}},"5":{"start":{"line":7,"column":15},"end":{"line":7,"column":33}},"6":{"start":{"line":8,"column":13},"end":{"line":8,"column":null}},"7":{"start":{"line":10,"column":25},"end":{"line":13,"column":2}},"8":{"start":{"line":15,"column":0},"end":{"line":43,"column":null}},"9":{"start":{"line":16,"column":22},"end":{"line":16,"column":58}},"10":{"start":{"line":17,"column":2},"end":{"line":19,"column":3}},"11":{"start":{"line":18,"column":4},"end":{"line":18,"column":null}},"12":{"start":{"line":20,"column":15},"end":{"line":20,"column":31}},"13":{"start":{"line":21,"column":27},"end":{"line":21,"column":57}},"14":{"start":{"line":22,"column":2},"end":{"line":24,"column":3}},"15":{"start":{"line":23,"column":4},"end":{"line":23,"column":null}},"16":{"start":{"line":25,"column":26},"end":{"line":25,"column":91}},"17":{"start":{"line":26,"column":18},"end":{"line":26,"column":38}},"18":{"start":{"line":27,"column":2},"end":{"line":29,"column":3}},"19":{"start":{"line":28,"column":4},"end":{"line":28,"column":null}},"20":{"start":{"line":30,"column":22},"end":{"line":30,"column":34}},"21":{"start":{"line":31,"column":15},"end":{"line":41,"column":4}},"22":{"start":{"line":42,"column":2},"end":{"line":42,"column":null}},"23":{"start":{"line":45,"column":0},"end":{"line":56,"column":null}},"24":{"start":{"line":46,"column":27},"end":{"line":46,"column":57}},"25":{"start":{"line":47,"column":2},"end":{"line":49,"column":3}},"26":{"start":{"line":48,"column":4},"end":{"line":48,"column":null}},"27":{"start":{"line":50,"column":27},"end":{"line":52,"column":4}},"28":{"start":{"line":53,"column":19},"end":{"line":53,"column":68}},"29":{"start":{"line":54,"column":2},"end":{"line":54,"column":null}},"30":{"start":{"line":54,"column":26},"end":{"line":54,"column":43}},"31":{"start":{"line":55,"column":2},"end":{"line":55,"column":null}},"32":{"start":{"line":58,"column":0},"end":{"line":85,"column":null}},"33":{"start":{"line":59,"column":17},"end":{"line":62,"column":4}},"34":{"start":{"line":63,"column":22},"end":{"line":63,"column":48}},"35":{"start":{"line":64,"column":2},"end":{"line":66,"column":3}},"36":{"start":{"line":65,"column":4},"end":{"line":65,"column":null}},"37":{"start":{"line":67,"column":34},"end":{"line":67,"column":50}},"38":{"start":{"line":68,"column":15},"end":{"line":68,"column":71}},"39":{"start":{"line":69,"column":2},"end":{"line":71,"column":3}},"40":{"start":{"line":70,"column":4},"end":{"line":70,"column":null}},"41":{"start":{"line":72,"column":18},"end":{"line":75,"column":4}},"42":{"start":{"line":76,"column":2},"end":{"line":83,"column":3}},"43":{"start":{"line":77,"column":29},"end":{"line":77,"column":59}},"44":{"start":{"line":78,"column":4},"end":{"line":82,"column":5}},"45":{"start":{"line":79,"column":6},"end":{"line":81,"column":null}},"46":{"start":{"line":84,"column":2},"end":{"line":84,"column":null}},"47":{"start":{"line":87,"column":0},"end":{"line":93,"column":null}},"48":{"start":{"line":88,"column":16},"end":{"line":91,"column":4}},"49":{"start":{"line":92,"column":2},"end":{"line":92,"column":null}}},"fnMap":{"0":{"name":"(anonymous_1)","decl":{"start":{"line":15,"column":22},"end":{"line":15,"column":27}},"loc":{"start":{"line":15,"column":41},"end":{"line":43,"column":1}}},"1":{"name":"(anonymous_2)","decl":{"start":{"line":45,"column":39},"end":{"line":45,"column":44}},"loc":{"start":{"line":45,"column":59},"end":{"line":56,"column":1}}},"2":{"name":"(anonymous_3)","decl":{"start":{"line":54,"column":16},"end":{"line":54,"column":17}},"loc":{"start":{"line":54,"column":26},"end":{"line":54,"column":43}}},"3":{"name":"(anonymous_4)","decl":{"start":{"line":58,"column":38},"end":{"line":58,"column":43}},"loc":{"start":{"line":58,"column":57},"end":{"line":85,"column":1}}},"4":{"name":"(anonymous_5)","decl":{"start":{"line":87,"column":34},"end":{"line":87,"column":39}},"loc":{"start":{"line":87,"column":54},"end":{"line":93,"column":1}}}},"branchMap":{"0":{"loc":{"start":{"line":17,"column":2},"end":{"line":19,"column":3}},"type":"if","locations":[{"start":{"line":17,"column":2},"end":{"line":19,"column":3}}]},"1":{"loc":{"start":{"line":22,"column":2},"end":{"line":24,"column":3}},"type":"if","locations":[{"start":{"line":22,"column":2},"end":{"line":24,"column":3}}]},"2":{"loc":{"start":{"line":27,"column":2},"end":{"line":29,"column":3}},"type":"if","locations":[{"start":{"line":27,"column":2},"end":{"line":29,"column":3}}]},"3":{"loc":{"start":{"line":47,"column":2},"end":{"line":49,"column":3}},"type":"if","locations":[{"start":{"line":47,"column":2},"end":{"line":49,"column":3}}]},"4":{"loc":{"start":{"line":64,"column":2},"end":{"line":66,"column":3}},"type":"if","locations":[{"start":{"line":64,"column":2},"end":{"line":66,"column":3}}]},"5":{"loc":{"start":{"line":69,"column":2},"end":{"line":71,"column":3}},"type":"if","locations":[{"start":{"line":69,"column":2},"end":{"line":71,"column":3}}]},"6":{"loc":{"start":{"line":74,"column":20},"end":{"line":74,"column":59}},"type":"cond-expr","locations":[{"start":{"line":74,"column":40},"end":{"line":74,"column":46}},{"start":{"line":74,"column":49},"end":{"line":74,"column":59}}]},"7":{"loc":{"start":{"line":76,"column":2},"end":{"line":83,"column":3}},"type":"if","locations":[{"start":{"line":76,"column":2},"end":{"line":83,"column":3}}]},"8":{"loc":{"start":{"line":78,"column":4},"end":{"line":82,"column":5}},"type":"if","locations":[{"start":{"line":78,"column":4},"end":{"line":82,"column":5}}]}},"s":{"0":1,"1":1,"2":1,"3":1,"4":1,"5":1,"6":1,"7":1,"8":1,"9":3,"10":3,"11":1,"12":2,"13":2,"14":2,"15":0,"16":2,"17":2,"18":2,"19":1,"20":1,"21":1,"22":1,"23":1,"24":0,"25":0,"26":0,"27":0,"28":0,"29":0,"30":0,"31":0,"32":1,"33":1,"34":1,"35":1,"36":0,"37":1,"38":1,"39":1,"40":0,"41":1,"42":1,"43":1,"44":1,"45":1,"46":1,"47":1,"48":1,"49":1},"f":{"0":3,"1":0,"2":0,"3":1,"4":1},"b":{"0":[1],"1":[0],"2":[1],"3":[0],"4":[0],"5":[0],"6":[1,0],"7":[1],"8":[1]}}
}
