{"/Users/carlos.lima/work/fiap/soat-sales-microservice/src/server.ts": {"path":"/Users/carlos.lima/work/fiap/soat-sales-microservice/src/server.ts","statementMap":{"0":{"start":{"line":1,"column":0},"end":{"line":1,"column":29}},"1":{"start":{"line":2,"column":0},"end":{"line":2,"column":30}},"2":{"start":{"line":3,"column":0},"end":{"line":3,"column":42}},"3":{"start":{"line":4,"column":0},"end":{"line":4,"column":50}},"4":{"start":{"line":5,"column":0},"end":{"line":5,"column":49}},"5":{"start":{"line":7,"column":13},"end":{"line":7,"column":null}},"6":{"start":{"line":9,"column":0},"end":{"line":9,"column":null}},"7":{"start":{"line":10,"column":0},"end":{"line":10,"column":null}},"8":{"start":{"line":11,"column":0},"end":{"line":11,"column":null}},"9":{"start":{"line":12,"column":0},"end":{"line":14,"column":null}},"10":{"start":{"line":13,"column":2},"end":{"line":13,"column":null}}},"fnMap":{"0":{"name":"(anonymous_1)","decl":{"start":{"line":12,"column":22},"end":{"line":12,"column":23}},"loc":{"start":{"line":12,"column":36},"end":{"line":14,"column":1}}}},"branchMap":{},"s":{"0":1,"1":1,"2":1,"3":1,"4":1,"5":1,"6":1,"7":1,"8":1,"9":1,"10":0},"f":{"0":0},"b":{}}
,"/Users/carlos.lima/work/fiap/soat-sales-microservice/src/docs/openapi.ts": {"path":"/Users/carlos.lima/work/fiap/soat-sales-microservice/src/docs/openapi.ts","statementMap":{"0":{"start":{"line":1,"column":13},"end":{"line":82,"column":null}}},"fnMap":{},"branchMap":{},"s":{"0":1},"f":{},"b":{}}
,"/Users/carlos.lima/work/fiap/soat-sales-microservice/src/sales/sales.router.ts": {"path":"/Users/carlos.lima/work/fiap/soat-sales-microservice/src/sales/sales.router.ts","statementMap":{"0":{"start":{"line":1,"column":0},"end":{"line":1,"column":32}},"1":{"start":{"line":2,"column":0},"end":{"line":2,"column":23}},"2":{"start":{"line":3,"column":0},"end":{"line":3,"column":25}},"3":{"start":{"line":4,"column":0},"end":{"line":4,"column":45}},"4":{"start":{"line":5,"column":0},"end":{"line":5,"column":35}},"5":{"start":{"line":7,"column":15},"end":{"line":7,"column":33}},"6":{"start":{"line":8,"column":13},"end":{"line":8,"column":null}},"7":{"start":{"line":10,"column":25},"end":{"line":13,"column":2}},"8":{"start":{"line":15,"column":0},"end":{"line":51,"column":null}},"9":{"start":{"line":16,"column":22},"end":{"line":16,"column":58}},"10":{"start":{"line":17,"column":2},"end":{"line":19,"column":3}},"11":{"start":{"line":18,"column":4},"end":{"line":18,"column":null}},"12":{"start":{"line":20,"column":15},"end":{"line":20,"column":31}},"13":{"start":{"line":21,"column":27},"end":{"line":21,"column":57}},"14":{"start":{"line":22,"column":2},"end":{"line":24,"column":3}},"15":{"start":{"line":23,"column":4},"end":{"line":23,"column":null}},"16":{"start":{"line":26,"column":2},"end":{"line":34,"column":3}},"17":{"start":{"line":27,"column":28},"end":{"line":27,"column":93}},"18":{"start":{"line":28,"column":4},"end":{"line":28,"column":null}},"19":{"start":{"line":30,"column":4},"end":{"line":32,"column":5}},"20":{"start":{"line":31,"column":6},"end":{"line":31,"column":null}},"21":{"start":{"line":33,"column":4},"end":{"line":33,"column":null}},"22":{"start":{"line":35,"column":2},"end":{"line":37,"column":3}},"23":{"start":{"line":36,"column":4},"end":{"line":36,"column":null}},"24":{"start":{"line":38,"column":22},"end":{"line":38,"column":34}},"25":{"start":{"line":39,"column":15},"end":{"line":49,"column":4}},"26":{"start":{"line":50,"column":2},"end":{"line":50,"column":null}},"27":{"start":{"line":53,"column":0},"end":{"line":64,"column":null}},"28":{"start":{"line":54,"column":27},"end":{"line":54,"column":57}},"29":{"start":{"line":55,"column":2},"end":{"line":57,"column":3}},"30":{"start":{"line":56,"column":4},"end":{"line":56,"column":null}},"31":{"start":{"line":58,"column":27},"end":{"line":60,"column":4}},"32":{"start":{"line":61,"column":19},"end":{"line":61,"column":68}},"33":{"start":{"line":62,"column":2},"end":{"line":62,"column":null}},"34":{"start":{"line":62,"column":26},"end":{"line":62,"column":43}},"35":{"start":{"line":63,"column":2},"end":{"line":63,"column":null}},"36":{"start":{"line":66,"column":0},"end":{"line":93,"column":null}},"37":{"start":{"line":67,"column":17},"end":{"line":70,"column":4}},"38":{"start":{"line":71,"column":22},"end":{"line":71,"column":48}},"39":{"start":{"line":72,"column":2},"end":{"line":74,"column":3}},"40":{"start":{"line":73,"column":4},"end":{"line":73,"column":null}},"41":{"start":{"line":75,"column":34},"end":{"line":75,"column":50}},"42":{"start":{"line":76,"column":15},"end":{"line":76,"column":71}},"43":{"start":{"line":77,"column":2},"end":{"line":79,"column":3}},"44":{"start":{"line":78,"column":4},"end":{"line":78,"column":null}},"45":{"start":{"line":80,"column":18},"end":{"line":83,"column":4}},"46":{"start":{"line":84,"column":2},"end":{"line":91,"column":3}},"47":{"start":{"line":85,"column":29},"end":{"line":85,"column":59}},"48":{"start":{"line":86,"column":4},"end":{"line":90,"column":5}},"49":{"start":{"line":87,"column":6},"end":{"line":89,"column":null}},"50":{"start":{"line":92,"column":2},"end":{"line":92,"column":null}},"51":{"start":{"line":95,"column":0},"end":{"line":101,"column":null}},"52":{"start":{"line":96,"column":16},"end":{"line":99,"column":4}},"53":{"start":{"line":100,"column":2},"end":{"line":100,"column":null}}},"fnMap":{"0":{"name":"(anonymous_1)","decl":{"start":{"line":15,"column":22},"end":{"line":15,"column":27}},"loc":{"start":{"line":15,"column":41},"end":{"line":51,"column":1}}},"1":{"name":"(anonymous_2)","decl":{"start":{"line":53,"column":39},"end":{"line":53,"column":44}},"loc":{"start":{"line":53,"column":59},"end":{"line":64,"column":1}}},"2":{"name":"(anonymous_3)","decl":{"start":{"line":62,"column":16},"end":{"line":62,"column":17}},"loc":{"start":{"line":62,"column":26},"end":{"line":62,"column":43}}},"3":{"name":"(anonymous_4)","decl":{"start":{"line":66,"column":38},"end":{"line":66,"column":43}},"loc":{"start":{"line":66,"column":57},"end":{"line":93,"column":1}}},"4":{"name":"(anonymous_5)","decl":{"start":{"line":95,"column":34},"end":{"line":95,"column":39}},"loc":{"start":{"line":95,"column":54},"end":{"line":101,"column":1}}}},"branchMap":{"0":{"loc":{"start":{"line":17,"column":2},"end":{"line":19,"column":3}},"type":"if","locations":[{"start":{"line":17,"column":2},"end":{"line":19,"column":3}}]},"1":{"loc":{"start":{"line":22,"column":2},"end":{"line":24,"column":3}},"type":"if","locations":[{"start":{"line":22,"column":2},"end":{"line":24,"column":3}}]},"2":{"loc":{"start":{"line":30,"column":4},"end":{"line":32,"column":5}},"type":"if","locations":[{"start":{"line":30,"column":4},"end":{"line":32,"column":5}}]},"3":{"loc":{"start":{"line":30,"column":8},"end":{"line":30,"column":67}},"type":"binary-expr","locations":[{"start":{"line":30,"column":8},"end":{"line":30,"column":33}},{"start":{"line":30,"column":37},"end":{"line":30,"column":67}}]},"4":{"loc":{"start":{"line":35,"column":2},"end":{"line":37,"column":3}},"type":"if","locations":[{"start":{"line":35,"column":2},"end":{"line":37,"column":3}}]},"5":{"loc":{"start":{"line":55,"column":2},"end":{"line":57,"column":3}},"type":"if","locations":[{"start":{"line":55,"column":2},"end":{"line":57,"column":3}}]},"6":{"loc":{"start":{"line":72,"column":2},"end":{"line":74,"column":3}},"type":"if","locations":[{"start":{"line":72,"column":2},"end":{"line":74,"column":3}}]},"7":{"loc":{"start":{"line":77,"column":2},"end":{"line":79,"column":3}},"type":"if","locations":[{"start":{"line":77,"column":2},"end":{"line":79,"column":3}}]},"8":{"loc":{"start":{"line":82,"column":20},"end":{"line":82,"column":59}},"type":"cond-expr","locations":[{"start":{"line":82,"column":40},"end":{"line":82,"column":46}},{"start":{"line":82,"column":49},"end":{"line":82,"column":59}}]},"9":{"loc":{"start":{"line":84,"column":2},"end":{"line":91,"column":3}},"type":"if","locations":[{"start":{"line":84,"column":2},"end":{"line":91,"column":3}}]},"10":{"loc":{"start":{"line":86,"column":4},"end":{"line":90,"column":5}},"type":"if","locations":[{"start":{"line":86,"column":4},"end":{"line":90,"column":5}}]}},"s":{"0":1,"1":1,"2":1,"3":1,"4":1,"5":1,"6":1,"7":1,"8":1,"9":6,"10":6,"11":1,"12":5,"13":5,"14":5,"15":1,"16":4,"17":4,"18":2,"19":2,"20":1,"21":1,"22":2,"23":1,"24":1,"25":1,"26":1,"27":1,"28":2,"29":2,"30":1,"31":1,"32":1,"33":1,"34":1,"35":1,"36":1,"37":4,"38":4,"39":4,"40":1,"41":3,"42":3,"43":3,"44":1,"45":2,"46":2,"47":1,"48":1,"49":1,"50":2,"51":1,"52":1,"53":1},"f":{"0":6,"1":2,"2":1,"3":4,"4":1},"b":{"0":[1],"1":[1],"2":[1],"3":[2,2],"4":[1],"5":[1],"6":[1],"7":[1],"8":[1,1],"9":[1],"10":[1]}}
}
