TN:
SF:src/server.ts
FN:12,(anonymous_1)
FNF:1
FNH:0
FNDA:0,(anonymous_1)
DA:1,1
DA:2,1
DA:3,1
DA:4,1
DA:5,1
DA:7,1
DA:9,1
DA:10,1
DA:11,1
DA:12,1
DA:13,0
LF:11
LH:10
BRF:0
BRH:0
end_of_record
TN:
SF:src/docs/openapi.ts
FNF:0
FNH:0
DA:1,1
LF:1
LH:1
BRF:0
BRH:0
end_of_record
TN:
SF:src/sales/sales.router.ts
FN:15,(anonymous_1)
FN:53,(anonymous_2)
FN:62,(anonymous_3)
FN:66,(anonymous_4)
FN:95,(anonymous_5)
FNF:5
FNH:5
FNDA:6,(anonymous_1)
FNDA:2,(anonymous_2)
FNDA:1,(anonymous_3)
FNDA:4,(anonymous_4)
FNDA:1,(anonymous_5)
DA:1,1
DA:2,1
DA:3,1
DA:4,1
DA:5,1
DA:7,1
DA:8,1
DA:10,1
DA:15,1
DA:16,6
DA:17,6
DA:18,1
DA:20,5
DA:21,5
DA:22,5
DA:23,1
DA:26,4
DA:27,4
DA:28,2
DA:30,2
DA:31,1
DA:33,1
DA:35,2
DA:36,1
DA:38,1
DA:39,1
DA:50,1
DA:53,1
DA:54,2
DA:55,2
DA:56,1
DA:58,1
DA:61,1
DA:62,1
DA:63,1
DA:66,1
DA:67,4
DA:71,4
DA:72,4
DA:73,1
DA:75,3
DA:76,3
DA:77,3
DA:78,1
DA:80,2
DA:84,2
DA:85,1
DA:86,1
DA:87,1
DA:92,2
DA:95,1
DA:96,1
DA:100,1
LF:53
LH:53
BRDA:17,0,0,1
BRDA:22,1,0,1
BRDA:30,2,0,1
BRDA:30,3,0,2
BRDA:30,3,1,2
BRDA:35,4,0,1
BRDA:55,5,0,1
BRDA:72,6,0,1
BRDA:77,7,0,1
BRDA:82,8,0,1
BRDA:82,8,1,1
BRDA:84,9,0,1
BRDA:86,10,0,1
BRF:13
BRH:13
end_of_record
