TN:
SF:src/server.ts
FNF:0
FNH:0
DA:1,1
DA:2,1
DA:3,1
DA:5,1
DA:7,1
DA:8,1
LF:6
LH:6
BRF:0
BRH:0
end_of_record
TN:
SF:src/sales/sales.router.ts
FN:15,(anonymous_1)
FN:45,(anonymous_2)
FN:54,(anonymous_3)
FN:58,(anonymous_4)
FN:87,(anonymous_5)
FNF:5
FNH:3
FNDA:3,(anonymous_1)
FNDA:0,(anonymous_2)
FNDA:0,(anonymous_3)
FNDA:1,(anonymous_4)
FNDA:1,(anonymous_5)
DA:1,1
DA:2,1
DA:3,1
DA:4,1
DA:5,1
DA:7,1
DA:8,1
DA:10,1
DA:15,1
DA:16,3
DA:17,3
DA:18,1
DA:20,2
DA:21,2
DA:22,2
DA:23,0
DA:25,2
DA:26,2
DA:27,2
DA:28,1
DA:30,1
DA:31,1
DA:42,1
DA:45,1
DA:46,0
DA:47,0
DA:48,0
DA:50,0
DA:53,0
DA:54,0
DA:55,0
DA:58,1
DA:59,1
DA:63,1
DA:64,1
DA:65,0
DA:67,1
DA:68,1
DA:69,1
DA:70,0
DA:72,1
DA:76,1
DA:77,1
DA:78,1
DA:79,1
DA:84,1
DA:87,1
DA:88,1
DA:92,1
LF:49
LH:39
BRDA:17,0,0,1
BRDA:22,1,0,0
BRDA:27,2,0,1
BRDA:47,3,0,0
BRDA:64,4,0,0
BRDA:69,5,0,0
BRDA:74,6,0,1
BRDA:74,6,1,0
BRDA:76,7,0,1
BRDA:78,8,0,1
BRF:10
BRH:5
end_of_record
